#
# A fatal error has been detected by the Java Runtime Environment:
#
#  EXCEPTION_ACCESS_VIOLATION (0xc0000005) at pc=0x00007ff8c8f7d9f5, pid=12484, tid=1940
#
# JRE version: Java(TM) SE Runtime Environment (11.0.1+13) (build 11.0.1+13-LTS)
# Java VM: Java HotSpot(TM) 64-Bit Server VM (11.0.1+13-LTS, mixed mode, tiered, compressed oops, g1 gc, windows-amd64)
# Problematic frame:
# V  [jvm.dll+0x5ed9f5]
#
# No core dump will be written. Minidumps are not enabled by default on client versions of Windows
#
# If you would like to submit a bug report, please visit:
#   http://bugreport.java.com/bugreport/crash.jsp
#

---------------  S U M M A R Y ------------

Command Line: -agentpath:C:/Program Files/netbeans/profiler/lib/deployed/jdk16/windows-amd64/profilerinterface.dll=C:\Program Files\netbeans\profiler\lib,5140,10 -XX:+HeapDumpOnOutOfMemoryError -XX:HeapDumpPath=C:\Users\me\AppData\Local\NetBeans\Cache\9.0\mavencachedirs\2114818465\org-netbeans-modules-profiler org.factsmission.tlds.TemplatingServer swissgeo-config-localhost.ttl

Host: Intel(R) Core(TM) i7-8550U CPU @ 1.80GHz, 8 cores, 15G,  Windows 10 , 64 bit Build 18362 (10.0.18362.329)
Time: Thu Oct  3 09:44:37 2019 W. Europe Daylight Time elapsed time: 2 seconds (0d 0h 0m 2s)

---------------  T H R E A D  ---------------

Current thread (0x0000019abb8fe000):  JavaThread "*** Profiler Agent Communication Thread" daemon [_thread_in_vm, id=1940, stack(0x0000007cade00000,0x0000007cadf00000)]

Stack: [0x0000007cade00000,0x0000007cadf00000],  sp=0x0000007cadeff180,  free space=1020k
Native frames: (J=compiled Java code, j=interpreted, Vv=VM code, C=native code)
V  [jvm.dll+0x5ed9f5]
V  [jvm.dll+0x4b2580]
C  [profilerinterface.dll+0x34da]

Java frames: (J=compiled Java code, j=interpreted, Vv=VM code)
j  org.netbeans.lib.profiler.server.system.Stacks.getMethodNamesForJMethodIds(I[I[I)[B+0
j  org.netbeans.lib.profiler.server.ProfilerInterface.getMethodNamesForJMethodIds([I)Lorg/netbeans/lib/profiler/wireprotocol/MethodNamesResponse;+20
j  org.netbeans.lib.profiler.server.ProfilerServer.handleClientCommand(Lorg/netbeans/lib/profiler/wireprotocol/Command;)V+691
j  org.netbeans.lib.profiler.server.ProfilerServer.listenToClient()V+48
j  org.netbeans.lib.profiler.server.ProfilerServer.run()V+22
v  ~StubRoutines::call_stub

siginfo: EXCEPTION_ACCESS_VIOLATION (0xc0000005), reading address 0xffffffffbc1c4b18


Register to memory mapping:

RIP=0x00007ff8c8f7d9f5 jvm.dll
RAX=0x0000007cadeff101 is pointing into the stack for thread: 0x0000019abb8fe000
RBX=0x0000019abb8fe000 is a thread
RCX=0xffffffffbc1c4b18 is an unknown value
RDX=0x0000019abb8fe000 is a thread
RSP=0x0000007cadeff180 is pointing into the stack for thread: 0x0000019abb8fe000
RBP=0xffffffffbc1c4b18 is an unknown value
RSI=0x0000019a9523c220 points into unknown readable memory
RDI=0x0000007cadeff2a0 is pointing into the stack for thread: 0x0000019abb8fe000
R8 =0x0000007cadeff2a0 is pointing into the stack for thread: 0x0000019abb8fe000
R9 =0x0000000000000001 is an unknown value
R10=0x0 is NULL
R11=0x0000007cadeff178 is pointing into the stack for thread: 0x0000019abb8fe000
R12=0x0000019abe9c3000 points into unknown readable memory
R13=0x00000000000001e0 is an unknown value
R14=0x00007ff92fc69c68 profilerinterface.dll
R15=0x00007ff92fc69a60 profilerinterface.dll


Registers:
RAX=0x0000007cadeff101, RBX=0x0000019abb8fe000, RCX=0xffffffffbc1c4b18, RDX=0x0000019abb8fe000
RSP=0x0000007cadeff180, RBP=0xffffffffbc1c4b18, RSI=0x0000019a9523c220, RDI=0x0000007cadeff2a0
R8 =0x0000007cadeff2a0, R9 =0x0000000000000001, R10=0x0000000000000000, R11=0x0000007cadeff178
R12=0x0000019abe9c3000, R13=0x00000000000001e0, R14=0x00007ff92fc69c68, R15=0x00007ff92fc69a60
RIP=0x00007ff8c8f7d9f5, EFLAGS=0x0000000000010286

Top of Stack: (sp=0x0000007cadeff180)
0x0000007cadeff180:   0000019abb8fe000 00007ff8c8d6581d
0x0000007cadeff190:   0000007cadeff350 0000007cadeff870
0x0000007cadeff1a0:   0000019abb8fe000 00007ff8c8e42580
0x0000007cadeff1b0:   0000019abb8fe000 0000019abb8fe000
0x0000007cadeff1c0:   0000019abb8fe340 00007ff93b029da0
0x0000007cadeff1d0:   0000019abb8fe000 0000000000000000
0x0000007cadeff1e0:   0000000000000000 0000000000000000
0x0000007cadeff1f0:   ffffffffbc1c4b18 00007ff92fc634da
0x0000007cadeff200:   0000019abb8fe000 0000000000000000
0x0000007cadeff210:   0000019abb8fe340 0000000000200021
0x0000007cadeff220:   0000019abe9c3000 00007ff8c8d1c0b3
0x0000007cadeff230:   0000007cadeff870 0000000000200021
0x0000007cadeff240:   0000000000200021 0000019a9f7cc17b
0x0000007cadeff250:   0000019abcb3a7f8 0000019abb8fe000
0x0000007cadeff260:   0000019abb8fe000 0000019abcb3a7f8
0x0000007cadeff270:   0000000000000000 0000019a9f789880 

Instructions: (pc=0x00007ff8c8f7d9f5)
0x00007ff8c8f7d9d5:   cc cc cc cc cc cc cc cc cc cc cc 48 83 ec 28 48
0x00007ff8c8f7d9e5:   85 c9 75 07 33 c0 48 83 c4 28 c3 48 89 5c 24 20
0x00007ff8c8f7d9f5:   48 8b 19 48 85 db 74 20 48 83 fb 37 74 1a 48 8b
0x00007ff8c8f7da05:   13 48 8b cb ff 52 10 84 c0 74 0d 48 8b c3 48 8b 



---------------  P R O C E S S  ---------------

Threads class SMR info:
_java_thread_list=0x0000019abc212400, length=16, elements={
0x0000019abacf1000, 0x0000019abb5ab000, 0x0000019abb614000, 0x0000019abacf6000,
0x0000019abacf9800, 0x0000019abacfc800, 0x0000019abb5c2000, 0x0000019abb78b800,
0x0000019abb8fe000, 0x0000019abbfe9800, 0x0000019abbfea000, 0x0000019abc2bd000,
0x0000019abc2d4800, 0x0000019abd499000, 0x0000019abdbda800, 0x0000019a97460800
}

Java Threads: ( => current thread )
  0x0000019abacf1000 JavaThread "Reference Handler" daemon [_thread_blocked, id=22960, stack(0x0000007cad600000,0x0000007cad700000)]
  0x0000019abb5ab000 JavaThread "Finalizer" daemon [_thread_blocked, id=19908, stack(0x0000007cad700000,0x0000007cad800000)]
  0x0000019abb614000 JavaThread "Signal Dispatcher" daemon [_thread_blocked, id=3392, stack(0x0000007cad800000,0x0000007cad900000)]
  0x0000019abacf6000 JavaThread "Attach Listener" daemon [_thread_blocked, id=13756, stack(0x0000007cad900000,0x0000007cada00000)]
  0x0000019abacf9800 JavaThread "C2 CompilerThread0" daemon [_thread_blocked, id=19416, stack(0x0000007cada00000,0x0000007cadb00000)]
  0x0000019abacfc800 JavaThread "C1 CompilerThread0" daemon [_thread_blocked, id=4012, stack(0x0000007cadb00000,0x0000007cadc00000)]
  0x0000019abb5c2000 JavaThread "Sweeper thread" daemon [_thread_blocked, id=27568, stack(0x0000007cadc00000,0x0000007cadd00000)]
  0x0000019abb78b800 JavaThread "Common-Cleaner" daemon [_thread_blocked, id=9548, stack(0x0000007cadd00000,0x0000007cade00000)]
=>0x0000019abb8fe000 JavaThread "*** Profiler Agent Communication Thread" daemon [_thread_in_vm, id=1940, stack(0x0000007cade00000,0x0000007cadf00000)]
  0x0000019abbfe9800 JavaThread "*** JFluid Monitor thread ***" daemon [_thread_blocked, id=12336, stack(0x0000007cadf00000,0x0000007cae000000)]
  0x0000019abbfea000 JavaThread "*** Profiler Agent Special Execution Thread 6" daemon [_thread_blocked, id=9836, stack(0x0000007cae000000,0x0000007cae100000)]
  0x0000019abc2bd000 JavaThread "*** Profiler Agent Special Execution Thread 10" daemon [_thread_blocked, id=25500, stack(0x0000007cae200000,0x0000007cae300000)]
  0x0000019abc2d4800 JavaThread "Service Thread" daemon [_thread_blocked, id=5672, stack(0x0000007cae100000,0x0000007cae200000)]
  0x0000019abd499000 JavaThread "server-timer" daemon [_thread_blocked, id=4724, stack(0x0000007caea00000,0x0000007caeb00000)]
  0x0000019abdbda800 JavaThread "HTTP-Dispatcher" [_thread_in_native, id=21760, stack(0x0000007caec00000,0x0000007caed00000)]
  0x0000019a97460800 JavaThread "DestroyJavaVM" [_thread_blocked, id=820, stack(0x0000007cacf00000,0x0000007cad000000)]

Other Threads:
  0x0000019abaced800 VMThread "VM Thread" [stack: 0x0000007cad500000,0x0000007cad600000] [id=14844]
  0x0000019abc1f0000 WatcherThread [stack: 0x0000007cae300000,0x0000007cae400000] [id=5896]
  0x0000019a9747a000 GCTaskThread "GC Thread#0" [stack: 0x0000007cad000000,0x0000007cad100000] [id=7376]
  0x0000019abd652800 GCTaskThread "GC Thread#1" [stack: 0x0000007cae500000,0x0000007cae600000] [id=5664]
  0x0000019abc4ce800 GCTaskThread "GC Thread#2" [stack: 0x0000007cae600000,0x0000007cae700000] [id=26180]
  0x0000019abc327800 GCTaskThread "GC Thread#3" [stack: 0x0000007cae700000,0x0000007cae800000] [id=22512]
  0x0000019abc328800 GCTaskThread "GC Thread#4" [stack: 0x0000007cae800000,0x0000007cae900000] [id=6608]
  0x0000019abc4bb000 GCTaskThread "GC Thread#5" [stack: 0x0000007cae900000,0x0000007caea00000] [id=27400]
  0x0000019a974d9800 ConcurrentGCThread "G1 Main Marker" [stack: 0x0000007cad100000,0x0000007cad200000] [id=19880]
  0x0000019a974dc000 ConcurrentGCThread "G1 Conc#0" [stack: 0x0000007cad200000,0x0000007cad300000] [id=21256]
  0x0000019abd495000 ConcurrentGCThread "G1 Conc#1" [stack: 0x0000007caeb00000,0x0000007caec00000] [id=24452]
  0x0000019ababcf000 ConcurrentGCThread "G1 Refine#0" [stack: 0x0000007cad300000,0x0000007cad400000] [id=4280]
  0x0000019ababd0000 ConcurrentGCThread "G1 Young RemSet Sampling" [stack: 0x0000007cad400000,0x0000007cad500000] [id=16216]

Threads with active compile tasks:

VM state:synchronizing (normal execution)

VM Mutex/Monitor currently owned by a thread:  ([mutex/lock_event])
[0x0000019a9745d210] Threads_lock - owner thread: 0x0000019abaced800

Heap address: 0x0000000702400000, size: 4060 MB, Compressed Oops mode: Zero based, Oop shift amount: 3
Narrow klass base: 0x0000000800000000, Narrow klass shift: 0
Compressed class space size: 1073741824 Address: 0x0000000800000000

Heap:
 garbage-first heap   total 260096K, used 20944K [0x0000000702400000, 0x0000000800000000)
  region size 1024K, 15 young (15360K), 3 survivors (3072K)
 Metaspace       used 23661K, capacity 24170K, committed 24448K, reserved 1071104K
  class space    used 2707K, capacity 2915K, committed 2944K, reserved 1048576K
Heap Regions: E=young(eden), S=young(survivor), O=old, HS=humongous(starts), HC=humongous(continues), CS=collection set, F=free, A=archive, TAMS=top-at-mark-start (previous, next)
|   0|0x0000000702400000, 0x0000000702500000, 0x0000000702500000|100%|HS|  |TAMS 0x0000000702500000, 0x0000000702400000| Complete 
|   1|0x0000000702500000, 0x0000000702600000, 0x0000000702600000|100%|HC|  |TAMS 0x0000000702600000, 0x0000000702500000| Complete 
|   2|0x0000000702600000, 0x0000000702700000, 0x0000000702700000|100%| O|  |TAMS 0x0000000702700000, 0x0000000702600000| Untracked 
|   3|0x0000000702700000, 0x0000000702800000, 0x0000000702800000|100%| O|  |TAMS 0x0000000702800000, 0x0000000702700000| Untracked 
|   4|0x0000000702800000, 0x0000000702900000, 0x0000000702900000|100%| O|  |TAMS 0x0000000702900000, 0x0000000702800000| Untracked 
|   5|0x0000000702900000, 0x0000000702a00000, 0x0000000702a00000|100%| O|  |TAMS 0x0000000702a00000, 0x0000000702900000| Untracked 
|   6|0x0000000702a00000, 0x0000000702b00000, 0x0000000702b00000|100%| O|  |TAMS 0x0000000702b00000, 0x0000000702a00000| Untracked 
|   7|0x0000000702b00000, 0x0000000702b29e00, 0x0000000702c00000| 16%| O|  |TAMS 0x0000000702b29e00, 0x0000000702b00000| Untracked 
|   8|0x0000000702c00000, 0x0000000702c00000, 0x0000000702d00000|  0%| F|  |TAMS 0x0000000702c00000, 0x0000000702c00000| Untracked 
|   9|0x0000000702d00000, 0x0000000702d00000, 0x0000000702e00000|  0%| F|  |TAMS 0x0000000702d00000, 0x0000000702d00000| Untracked 
|  10|0x0000000702e00000, 0x0000000702e00000, 0x0000000702f00000|  0%| F|  |TAMS 0x0000000702e00000, 0x0000000702e00000| Untracked 
|  11|0x0000000702f00000, 0x0000000702f00000, 0x0000000703000000|  0%| F|  |TAMS 0x0000000702f00000, 0x0000000702f00000| Untracked 
|  12|0x0000000703000000, 0x0000000703000000, 0x0000000703100000|  0%| F|  |TAMS 0x0000000703000000, 0x0000000703000000| Untracked 
|  13|0x0000000703100000, 0x0000000703100000, 0x0000000703200000|  0%| F|  |TAMS 0x0000000703100000, 0x0000000703100000| Untracked 
|  14|0x0000000703200000, 0x0000000703200000, 0x0000000703300000|  0%| F|  |TAMS 0x0000000703200000, 0x0000000703200000| Untracked 
|  15|0x0000000703300000, 0x0000000703300000, 0x0000000703400000|  0%| F|  |TAMS 0x0000000703300000, 0x0000000703300000| Untracked 
|  16|0x0000000703400000, 0x0000000703400000, 0x0000000703500000|  0%| F|  |TAMS 0x0000000703400000, 0x0000000703400000| Untracked 
|  17|0x0000000703500000, 0x0000000703500000, 0x0000000703600000|  0%| F|  |TAMS 0x0000000703500000, 0x0000000703500000| Untracked 
|  18|0x0000000703600000, 0x0000000703600000, 0x0000000703700000|  0%| F|  |TAMS 0x0000000703600000, 0x0000000703600000| Untracked 
|  19|0x0000000703700000, 0x0000000703700000, 0x0000000703800000|  0%| F|  |TAMS 0x0000000703700000, 0x0000000703700000| Untracked 
|  20|0x0000000703800000, 0x0000000703800000, 0x0000000703900000|  0%| F|  |TAMS 0x0000000703800000, 0x0000000703800000| Untracked 
|  21|0x0000000703900000, 0x0000000703900000, 0x0000000703a00000|  0%| F|  |TAMS 0x0000000703900000, 0x0000000703900000| Untracked 
|  22|0x0000000703a00000, 0x0000000703a00000, 0x0000000703b00000|  0%| F|  |TAMS 0x0000000703a00000, 0x0000000703a00000| Untracked 
|  23|0x0000000703b00000, 0x0000000703b00000, 0x0000000703c00000|  0%| F|  |TAMS 0x0000000703b00000, 0x0000000703b00000| Untracked 
|  24|0x0000000703c00000, 0x0000000703c00000, 0x0000000703d00000|  0%| F|  |TAMS 0x0000000703c00000, 0x0000000703c00000| Untracked 
|  25|0x0000000703d00000, 0x0000000703d00000, 0x0000000703e00000|  0%| F|  |TAMS 0x0000000703d00000, 0x0000000703d00000| Untracked 
|  26|0x0000000703e00000, 0x0000000703e00000, 0x0000000703f00000|  0%| F|  |TAMS 0x0000000703e00000, 0x0000000703e00000| Untracked 
|  27|0x0000000703f00000, 0x0000000703f00000, 0x0000000704000000|  0%| F|  |TAMS 0x0000000703f00000, 0x0000000703f00000| Untracked 
|  28|0x0000000704000000, 0x0000000704000000, 0x0000000704100000|  0%| F|  |TAMS 0x0000000704000000, 0x0000000704000000| Untracked 
|  29|0x0000000704100000, 0x0000000704100000, 0x0000000704200000|  0%| F|  |TAMS 0x0000000704100000, 0x0000000704100000| Untracked 
|  30|0x0000000704200000, 0x0000000704200000, 0x0000000704300000|  0%| F|  |TAMS 0x0000000704200000, 0x0000000704200000| Untracked 
|  31|0x0000000704300000, 0x0000000704300000, 0x0000000704400000|  0%| F|  |TAMS 0x0000000704300000, 0x0000000704300000| Untracked 
|  32|0x0000000704400000, 0x0000000704400000, 0x0000000704500000|  0%| F|  |TAMS 0x0000000704400000, 0x0000000704400000| Untracked 
|  33|0x0000000704500000, 0x0000000704500000, 0x0000000704600000|  0%| F|  |TAMS 0x0000000704500000, 0x0000000704500000| Untracked 
|  34|0x0000000704600000, 0x0000000704600000, 0x0000000704700000|  0%| F|  |TAMS 0x0000000704600000, 0x0000000704600000| Untracked 
|  35|0x0000000704700000, 0x0000000704700000, 0x0000000704800000|  0%| F|  |TAMS 0x0000000704700000, 0x0000000704700000| Untracked 
|  36|0x0000000704800000, 0x0000000704800000, 0x0000000704900000|  0%| F|  |TAMS 0x0000000704800000, 0x0000000704800000| Untracked 
|  37|0x0000000704900000, 0x0000000704900000, 0x0000000704a00000|  0%| F|  |TAMS 0x0000000704900000, 0x0000000704900000| Untracked 
|  38|0x0000000704a00000, 0x0000000704a00000, 0x0000000704b00000|  0%| F|  |TAMS 0x0000000704a00000, 0x0000000704a00000| Untracked 
|  39|0x0000000704b00000, 0x0000000704b00000, 0x0000000704c00000|  0%| F|  |TAMS 0x0000000704b00000, 0x0000000704b00000| Untracked 
|  40|0x0000000704c00000, 0x0000000704c00000, 0x0000000704d00000|  0%| F|  |TAMS 0x0000000704c00000, 0x0000000704c00000| Untracked 
|  41|0x0000000704d00000, 0x0000000704d00000, 0x0000000704e00000|  0%| F|  |TAMS 0x0000000704d00000, 0x0000000704d00000| Untracked 
|  42|0x0000000704e00000, 0x0000000704e00000, 0x0000000704f00000|  0%| F|  |TAMS 0x0000000704e00000, 0x0000000704e00000| Untracked 
|  43|0x0000000704f00000, 0x0000000704f00000, 0x0000000705000000|  0%| F|  |TAMS 0x0000000704f00000, 0x0000000704f00000| Untracked 
|  44|0x0000000705000000, 0x0000000705000000, 0x0000000705100000|  0%| F|  |TAMS 0x0000000705000000, 0x0000000705000000| Untracked 
|  45|0x0000000705100000, 0x0000000705100000, 0x0000000705200000|  0%| F|  |TAMS 0x0000000705100000, 0x0000000705100000| Untracked 
|  46|0x0000000705200000, 0x0000000705200000, 0x0000000705300000|  0%| F|  |TAMS 0x0000000705200000, 0x0000000705200000| Untracked 
|  47|0x0000000705300000, 0x0000000705300000, 0x0000000705400000|  0%| F|  |TAMS 0x0000000705300000, 0x0000000705300000| Untracked 
|  48|0x0000000705400000, 0x0000000705400000, 0x0000000705500000|  0%| F|  |TAMS 0x0000000705400000, 0x0000000705400000| Untracked 
|  49|0x0000000705500000, 0x0000000705500000, 0x0000000705600000|  0%| F|  |TAMS 0x0000000705500000, 0x0000000705500000| Untracked 
|  50|0x0000000705600000, 0x0000000705600000, 0x0000000705700000|  0%| F|  |TAMS 0x0000000705600000, 0x0000000705600000| Untracked 
|  51|0x0000000705700000, 0x0000000705700000, 0x0000000705800000|  0%| F|  |TAMS 0x0000000705700000, 0x0000000705700000| Untracked 
|  52|0x0000000705800000, 0x0000000705800000, 0x0000000705900000|  0%| F|  |TAMS 0x0000000705800000, 0x0000000705800000| Untracked 
|  53|0x0000000705900000, 0x0000000705900000, 0x0000000705a00000|  0%| F|  |TAMS 0x0000000705900000, 0x0000000705900000| Untracked 
|  54|0x0000000705a00000, 0x0000000705a00000, 0x0000000705b00000|  0%| F|  |TAMS 0x0000000705a00000, 0x0000000705a00000| Untracked 
|  55|0x0000000705b00000, 0x0000000705b00000, 0x0000000705c00000|  0%| F|  |TAMS 0x0000000705b00000, 0x0000000705b00000| Untracked 
|  56|0x0000000705c00000, 0x0000000705c00000, 0x0000000705d00000|  0%| F|  |TAMS 0x0000000705c00000, 0x0000000705c00000| Untracked 
|  57|0x0000000705d00000, 0x0000000705d00000, 0x0000000705e00000|  0%| F|  |TAMS 0x0000000705d00000, 0x0000000705d00000| Untracked 
|  58|0x0000000705e00000, 0x0000000705e00000, 0x0000000705f00000|  0%| F|  |TAMS 0x0000000705e00000, 0x0000000705e00000| Untracked 
|  59|0x0000000705f00000, 0x0000000705f00000, 0x0000000706000000|  0%| F|  |TAMS 0x0000000705f00000, 0x0000000705f00000| Untracked 
|  60|0x0000000706000000, 0x0000000706000000, 0x0000000706100000|  0%| F|  |TAMS 0x0000000706000000, 0x0000000706000000| Untracked 
|  61|0x0000000706100000, 0x0000000706100000, 0x0000000706200000|  0%| F|  |TAMS 0x0000000706100000, 0x0000000706100000| Untracked 
|  62|0x0000000706200000, 0x0000000706200000, 0x0000000706300000|  0%| F|  |TAMS 0x0000000706200000, 0x0000000706200000| Untracked 
|  63|0x0000000706300000, 0x0000000706300000, 0x0000000706400000|  0%| F|  |TAMS 0x0000000706300000, 0x0000000706300000| Untracked 
|  64|0x0000000706400000, 0x0000000706400000, 0x0000000706500000|  0%| F|  |TAMS 0x0000000706400000, 0x0000000706400000| Untracked 
|  65|0x0000000706500000, 0x0000000706500000, 0x0000000706600000|  0%| F|  |TAMS 0x0000000706500000, 0x0000000706500000| Untracked 
|  66|0x0000000706600000, 0x0000000706600000, 0x0000000706700000|  0%| F|  |TAMS 0x0000000706600000, 0x0000000706600000| Untracked 
|  67|0x0000000706700000, 0x0000000706700000, 0x0000000706800000|  0%| F|  |TAMS 0x0000000706700000, 0x0000000706700000| Untracked 
|  68|0x0000000706800000, 0x0000000706800000, 0x0000000706900000|  0%| F|  |TAMS 0x0000000706800000, 0x0000000706800000| Untracked 
|  69|0x0000000706900000, 0x0000000706900000, 0x0000000706a00000|  0%| F|  |TAMS 0x0000000706900000, 0x0000000706900000| Untracked 
|  70|0x0000000706a00000, 0x0000000706a00000, 0x0000000706b00000|  0%| F|  |TAMS 0x0000000706a00000, 0x0000000706a00000| Untracked 
|  71|0x0000000706b00000, 0x0000000706b00000, 0x0000000706c00000|  0%| F|  |TAMS 0x0000000706b00000, 0x0000000706b00000| Untracked 
|  72|0x0000000706c00000, 0x0000000706c00000, 0x0000000706d00000|  0%| F|  |TAMS 0x0000000706c00000, 0x0000000706c00000| Untracked 
|  73|0x0000000706d00000, 0x0000000706d00000, 0x0000000706e00000|  0%| F|  |TAMS 0x0000000706d00000, 0x0000000706d00000| Untracked 
|  74|0x0000000706e00000, 0x0000000706e00000, 0x0000000706f00000|  0%| F|  |TAMS 0x0000000706e00000, 0x0000000706e00000| Untracked 
|  75|0x0000000706f00000, 0x0000000706f00000, 0x0000000707000000|  0%| F|  |TAMS 0x0000000706f00000, 0x0000000706f00000| Untracked 
|  76|0x0000000707000000, 0x0000000707000000, 0x0000000707100000|  0%| F|  |TAMS 0x0000000707000000, 0x0000000707000000| Untracked 
|  77|0x0000000707100000, 0x0000000707100000, 0x0000000707200000|  0%| F|  |TAMS 0x0000000707100000, 0x0000000707100000| Untracked 
|  78|0x0000000707200000, 0x0000000707200000, 0x0000000707300000|  0%| F|  |TAMS 0x0000000707200000, 0x0000000707200000| Untracked 
|  79|0x0000000707300000, 0x0000000707300000, 0x0000000707400000|  0%| F|  |TAMS 0x0000000707300000, 0x0000000707300000| Untracked 
|  80|0x0000000707400000, 0x0000000707400000, 0x0000000707500000|  0%| F|  |TAMS 0x0000000707400000, 0x0000000707400000| Untracked 
|  81|0x0000000707500000, 0x0000000707500000, 0x0000000707600000|  0%| F|  |TAMS 0x0000000707500000, 0x0000000707500000| Untracked 
|  82|0x0000000707600000, 0x0000000707600000, 0x0000000707700000|  0%| F|  |TAMS 0x0000000707600000, 0x0000000707600000| Untracked 
|  83|0x0000000707700000, 0x0000000707700000, 0x0000000707800000|  0%| F|  |TAMS 0x0000000707700000, 0x0000000707700000| Untracked 
|  84|0x0000000707800000, 0x0000000707800000, 0x0000000707900000|  0%| F|  |TAMS 0x0000000707800000, 0x0000000707800000| Untracked 
|  85|0x0000000707900000, 0x0000000707900000, 0x0000000707a00000|  0%| F|  |TAMS 0x0000000707900000, 0x0000000707900000| Untracked 
|  86|0x0000000707a00000, 0x0000000707a00000, 0x0000000707b00000|  0%| F|  |TAMS 0x0000000707a00000, 0x0000000707a00000| Untracked 
|  87|0x0000000707b00000, 0x0000000707b00000, 0x0000000707c00000|  0%| F|  |TAMS 0x0000000707b00000, 0x0000000707b00000| Untracked 
|  88|0x0000000707c00000, 0x0000000707c00000, 0x0000000707d00000|  0%| F|  |TAMS 0x0000000707c00000, 0x0000000707c00000| Untracked 
|  89|0x0000000707d00000, 0x0000000707d00000, 0x0000000707e00000|  0%| F|  |TAMS 0x0000000707d00000, 0x0000000707d00000| Untracked 
|  90|0x0000000707e00000, 0x0000000707e00000, 0x0000000707f00000|  0%| F|  |TAMS 0x0000000707e00000, 0x0000000707e00000| Untracked 
|  91|0x0000000707f00000, 0x0000000707f00000, 0x0000000708000000|  0%| F|  |TAMS 0x0000000707f00000, 0x0000000707f00000| Untracked 
|  92|0x0000000708000000, 0x0000000708000000, 0x0000000708100000|  0%| F|  |TAMS 0x0000000708000000, 0x0000000708000000| Untracked 
|  93|0x0000000708100000, 0x0000000708100000, 0x0000000708200000|  0%| F|  |TAMS 0x0000000708100000, 0x0000000708100000| Untracked 
|  94|0x0000000708200000, 0x0000000708200000, 0x0000000708300000|  0%| F|  |TAMS 0x0000000708200000, 0x0000000708200000| Untracked 
|  95|0x0000000708300000, 0x0000000708300000, 0x0000000708400000|  0%| F|  |TAMS 0x0000000708300000, 0x0000000708300000| Untracked 
|  96|0x0000000708400000, 0x0000000708400000, 0x0000000708500000|  0%| F|  |TAMS 0x0000000708400000, 0x0000000708400000| Untracked 
|  97|0x0000000708500000, 0x0000000708500000, 0x0000000708600000|  0%| F|  |TAMS 0x0000000708500000, 0x0000000708500000| Untracked 
|  98|0x0000000708600000, 0x0000000708600000, 0x0000000708700000|  0%| F|  |TAMS 0x0000000708600000, 0x0000000708600000| Untracked 
|  99|0x0000000708700000, 0x0000000708700000, 0x0000000708800000|  0%| F|  |TAMS 0x0000000708700000, 0x0000000708700000| Untracked 
| 100|0x0000000708800000, 0x0000000708800000, 0x0000000708900000|  0%| F|  |TAMS 0x0000000708800000, 0x0000000708800000| Untracked 
| 101|0x0000000708900000, 0x0000000708900000, 0x0000000708a00000|  0%| F|  |TAMS 0x0000000708900000, 0x0000000708900000| Untracked 
| 102|0x0000000708a00000, 0x0000000708a00000, 0x0000000708b00000|  0%| F|  |TAMS 0x0000000708a00000, 0x0000000708a00000| Untracked 
| 103|0x0000000708b00000, 0x0000000708b00000, 0x0000000708c00000|  0%| F|  |TAMS 0x0000000708b00000, 0x0000000708b00000| Untracked 
| 104|0x0000000708c00000, 0x0000000708c00000, 0x0000000708d00000|  0%| F|  |TAMS 0x0000000708c00000, 0x0000000708c00000| Untracked 
| 105|0x0000000708d00000, 0x0000000708d00000, 0x0000000708e00000|  0%| F|  |TAMS 0x0000000708d00000, 0x0000000708d00000| Untracked 
| 106|0x0000000708e00000, 0x0000000708e00000, 0x0000000708f00000|  0%| F|  |TAMS 0x0000000708e00000, 0x0000000708e00000| Untracked 
| 107|0x0000000708f00000, 0x0000000708f00000, 0x0000000709000000|  0%| F|  |TAMS 0x0000000708f00000, 0x0000000708f00000| Untracked 
| 108|0x0000000709000000, 0x0000000709000000, 0x0000000709100000|  0%| F|  |TAMS 0x0000000709000000, 0x0000000709000000| Untracked 
| 109|0x0000000709100000, 0x0000000709100000, 0x0000000709200000|  0%| F|  |TAMS 0x0000000709100000, 0x0000000709100000| Untracked 
| 110|0x0000000709200000, 0x0000000709200000, 0x0000000709300000|  0%| F|  |TAMS 0x0000000709200000, 0x0000000709200000| Untracked 
| 111|0x0000000709300000, 0x0000000709300000, 0x0000000709400000|  0%| F|  |TAMS 0x0000000709300000, 0x0000000709300000| Untracked 
| 112|0x0000000709400000, 0x0000000709400000, 0x0000000709500000|  0%| F|  |TAMS 0x0000000709400000, 0x0000000709400000| Untracked 
| 113|0x0000000709500000, 0x0000000709500000, 0x0000000709600000|  0%| F|  |TAMS 0x0000000709500000, 0x0000000709500000| Untracked 
| 114|0x0000000709600000, 0x0000000709600000, 0x0000000709700000|  0%| F|  |TAMS 0x0000000709600000, 0x0000000709600000| Untracked 
| 115|0x0000000709700000, 0x0000000709700000, 0x0000000709800000|  0%| F|  |TAMS 0x0000000709700000, 0x0000000709700000| Untracked 
| 116|0x0000000709800000, 0x0000000709800000, 0x0000000709900000|  0%| F|  |TAMS 0x0000000709800000, 0x0000000709800000| Untracked 
| 117|0x0000000709900000, 0x0000000709900000, 0x0000000709a00000|  0%| F|  |TAMS 0x0000000709900000, 0x0000000709900000| Untracked 
| 118|0x0000000709a00000, 0x0000000709a00000, 0x0000000709b00000|  0%| F|  |TAMS 0x0000000709a00000, 0x0000000709a00000| Untracked 
| 119|0x0000000709b00000, 0x0000000709b00000, 0x0000000709c00000|  0%| F|  |TAMS 0x0000000709b00000, 0x0000000709b00000| Untracked 
| 120|0x0000000709c00000, 0x0000000709c00000, 0x0000000709d00000|  0%| F|  |TAMS 0x0000000709c00000, 0x0000000709c00000| Untracked 
| 121|0x0000000709d00000, 0x0000000709d00000, 0x0000000709e00000|  0%| F|  |TAMS 0x0000000709d00000, 0x0000000709d00000| Untracked 
| 122|0x0000000709e00000, 0x0000000709e00000, 0x0000000709f00000|  0%| F|  |TAMS 0x0000000709e00000, 0x0000000709e00000| Untracked 
| 123|0x0000000709f00000, 0x0000000709f00000, 0x000000070a000000|  0%| F|  |TAMS 0x0000000709f00000, 0x0000000709f00000| Untracked 
| 124|0x000000070a000000, 0x000000070a000000, 0x000000070a100000|  0%| F|  |TAMS 0x000000070a000000, 0x000000070a000000| Untracked 
| 125|0x000000070a100000, 0x000000070a100000, 0x000000070a200000|  0%| F|  |TAMS 0x000000070a100000, 0x000000070a100000| Untracked 
| 126|0x000000070a200000, 0x000000070a200000, 0x000000070a300000|  0%| F|  |TAMS 0x000000070a200000, 0x000000070a200000| Untracked 
| 127|0x000000070a300000, 0x000000070a300000, 0x000000070a400000|  0%| F|  |TAMS 0x000000070a300000, 0x000000070a300000| Untracked 
| 128|0x000000070a400000, 0x000000070a400000, 0x000000070a500000|  0%| F|  |TAMS 0x000000070a400000, 0x000000070a400000| Untracked 
| 129|0x000000070a500000, 0x000000070a500000, 0x000000070a600000|  0%| F|  |TAMS 0x000000070a500000, 0x000000070a500000| Untracked 
| 130|0x000000070a600000, 0x000000070a600000, 0x000000070a700000|  0%| F|  |TAMS 0x000000070a600000, 0x000000070a600000| Untracked 
| 131|0x000000070a700000, 0x000000070a700000, 0x000000070a800000|  0%| F|  |TAMS 0x000000070a700000, 0x000000070a700000| Untracked 
| 132|0x000000070a800000, 0x000000070a800000, 0x000000070a900000|  0%| F|  |TAMS 0x000000070a800000, 0x000000070a800000| Untracked 
| 133|0x000000070a900000, 0x000000070a900000, 0x000000070aa00000|  0%| F|  |TAMS 0x000000070a900000, 0x000000070a900000| Untracked 
| 134|0x000000070aa00000, 0x000000070aa00000, 0x000000070ab00000|  0%| F|  |TAMS 0x000000070aa00000, 0x000000070aa00000| Untracked 
| 135|0x000000070ab00000, 0x000000070ab00000, 0x000000070ac00000|  0%| F|  |TAMS 0x000000070ab00000, 0x000000070ab00000| Untracked 
| 136|0x000000070ac00000, 0x000000070ac00000, 0x000000070ad00000|  0%| F|  |TAMS 0x000000070ac00000, 0x000000070ac00000| Untracked 
| 137|0x000000070ad00000, 0x000000070ad00000, 0x000000070ae00000|  0%| F|  |TAMS 0x000000070ad00000, 0x000000070ad00000| Untracked 
| 138|0x000000070ae00000, 0x000000070ae00000, 0x000000070af00000|  0%| F|  |TAMS 0x000000070ae00000, 0x000000070ae00000| Untracked 
| 139|0x000000070af00000, 0x000000070af00000, 0x000000070b000000|  0%| F|  |TAMS 0x000000070af00000, 0x000000070af00000| Untracked 
| 140|0x000000070b000000, 0x000000070b000000, 0x000000070b100000|  0%| F|  |TAMS 0x000000070b000000, 0x000000070b000000| Untracked 
| 141|0x000000070b100000, 0x000000070b100000, 0x000000070b200000|  0%| F|  |TAMS 0x000000070b100000, 0x000000070b100000| Untracked 
| 142|0x000000070b200000, 0x000000070b200000, 0x000000070b300000|  0%| F|  |TAMS 0x000000070b200000, 0x000000070b200000| Untracked 
| 143|0x000000070b300000, 0x000000070b300000, 0x000000070b400000|  0%| F|  |TAMS 0x000000070b300000, 0x000000070b300000| Untracked 
| 144|0x000000070b400000, 0x000000070b400000, 0x000000070b500000|  0%| F|  |TAMS 0x000000070b400000, 0x000000070b400000| Untracked 
| 145|0x000000070b500000, 0x000000070b500000, 0x000000070b600000|  0%| F|  |TAMS 0x000000070b500000, 0x000000070b500000| Untracked 
| 146|0x000000070b600000, 0x000000070b600000, 0x000000070b700000|  0%| F|  |TAMS 0x000000070b600000, 0x000000070b600000| Untracked 
| 147|0x000000070b700000, 0x000000070b700000, 0x000000070b800000|  0%| F|  |TAMS 0x000000070b700000, 0x000000070b700000| Untracked 
| 148|0x000000070b800000, 0x000000070b800000, 0x000000070b900000|  0%| F|  |TAMS 0x000000070b800000, 0x000000070b800000| Untracked 
| 149|0x000000070b900000, 0x000000070b900000, 0x000000070ba00000|  0%| F|  |TAMS 0x000000070b900000, 0x000000070b900000| Untracked 
| 150|0x000000070ba00000, 0x000000070ba00000, 0x000000070bb00000|  0%| F|  |TAMS 0x000000070ba00000, 0x000000070ba00000| Untracked 
| 151|0x000000070bb00000, 0x000000070bb00000, 0x000000070bc00000|  0%| F|  |TAMS 0x000000070bb00000, 0x000000070bb00000| Untracked 
| 152|0x000000070bc00000, 0x000000070bc00000, 0x000000070bd00000|  0%| F|  |TAMS 0x000000070bc00000, 0x000000070bc00000| Untracked 
| 153|0x000000070bd00000, 0x000000070bd00000, 0x000000070be00000|  0%| F|  |TAMS 0x000000070bd00000, 0x000000070bd00000| Untracked 
| 154|0x000000070be00000, 0x000000070be00000, 0x000000070bf00000|  0%| F|  |TAMS 0x000000070be00000, 0x000000070be00000| Untracked 
| 155|0x000000070bf00000, 0x000000070bf00000, 0x000000070c000000|  0%| F|  |TAMS 0x000000070bf00000, 0x000000070bf00000| Untracked 
| 156|0x000000070c000000, 0x000000070c000000, 0x000000070c100000|  0%| F|  |TAMS 0x000000070c000000, 0x000000070c000000| Untracked 
| 157|0x000000070c100000, 0x000000070c100000, 0x000000070c200000|  0%| F|  |TAMS 0x000000070c100000, 0x000000070c100000| Untracked 
| 158|0x000000070c200000, 0x000000070c200000, 0x000000070c300000|  0%| F|  |TAMS 0x000000070c200000, 0x000000070c200000| Untracked 
| 159|0x000000070c300000, 0x000000070c300000, 0x000000070c400000|  0%| F|  |TAMS 0x000000070c300000, 0x000000070c300000| Untracked 
| 160|0x000000070c400000, 0x000000070c400000, 0x000000070c500000|  0%| F|  |TAMS 0x000000070c400000, 0x000000070c400000| Untracked 
| 161|0x000000070c500000, 0x000000070c500000, 0x000000070c600000|  0%| F|  |TAMS 0x000000070c500000, 0x000000070c500000| Untracked 
| 162|0x000000070c600000, 0x000000070c600000, 0x000000070c700000|  0%| F|  |TAMS 0x000000070c600000, 0x000000070c600000| Untracked 
| 163|0x000000070c700000, 0x000000070c700000, 0x000000070c800000|  0%| F|  |TAMS 0x000000070c700000, 0x000000070c700000| Untracked 
| 164|0x000000070c800000, 0x000000070c800000, 0x000000070c900000|  0%| F|  |TAMS 0x000000070c800000, 0x000000070c800000| Untracked 
| 165|0x000000070c900000, 0x000000070c900000, 0x000000070ca00000|  0%| F|  |TAMS 0x000000070c900000, 0x000000070c900000| Untracked 
| 166|0x000000070ca00000, 0x000000070ca00000, 0x000000070cb00000|  0%| F|  |TAMS 0x000000070ca00000, 0x000000070ca00000| Untracked 
| 167|0x000000070cb00000, 0x000000070cb00000, 0x000000070cc00000|  0%| F|  |TAMS 0x000000070cb00000, 0x000000070cb00000| Untracked 
| 168|0x000000070cc00000, 0x000000070cc00000, 0x000000070cd00000|  0%| F|  |TAMS 0x000000070cc00000, 0x000000070cc00000| Untracked 
| 169|0x000000070cd00000, 0x000000070cd00000, 0x000000070ce00000|  0%| F|  |TAMS 0x000000070cd00000, 0x000000070cd00000| Untracked 
| 170|0x000000070ce00000, 0x000000070ce00000, 0x000000070cf00000|  0%| F|  |TAMS 0x000000070ce00000, 0x000000070ce00000| Untracked 
| 171|0x000000070cf00000, 0x000000070cf00000, 0x000000070d000000|  0%| F|  |TAMS 0x000000070cf00000, 0x000000070cf00000| Untracked 
| 172|0x000000070d000000, 0x000000070d000000, 0x000000070d100000|  0%| F|  |TAMS 0x000000070d000000, 0x000000070d000000| Untracked 
| 173|0x000000070d100000, 0x000000070d100000, 0x000000070d200000|  0%| F|  |TAMS 0x000000070d100000, 0x000000070d100000| Untracked 
| 174|0x000000070d200000, 0x000000070d200000, 0x000000070d300000|  0%| F|  |TAMS 0x000000070d200000, 0x000000070d200000| Untracked 
| 175|0x000000070d300000, 0x000000070d300000, 0x000000070d400000|  0%| F|  |TAMS 0x000000070d300000, 0x000000070d300000| Untracked 
| 176|0x000000070d400000, 0x000000070d400000, 0x000000070d500000|  0%| F|  |TAMS 0x000000070d400000, 0x000000070d400000| Untracked 
| 177|0x000000070d500000, 0x000000070d500000, 0x000000070d600000|  0%| F|  |TAMS 0x000000070d500000, 0x000000070d500000| Untracked 
| 178|0x000000070d600000, 0x000000070d600000, 0x000000070d700000|  0%| F|  |TAMS 0x000000070d600000, 0x000000070d600000| Untracked 
| 179|0x000000070d700000, 0x000000070d700000, 0x000000070d800000|  0%| F|  |TAMS 0x000000070d700000, 0x000000070d700000| Untracked 
| 180|0x000000070d800000, 0x000000070d800000, 0x000000070d900000|  0%| F|  |TAMS 0x000000070d800000, 0x000000070d800000| Untracked 
| 181|0x000000070d900000, 0x000000070d900000, 0x000000070da00000|  0%| F|  |TAMS 0x000000070d900000, 0x000000070d900000| Untracked 
| 182|0x000000070da00000, 0x000000070da00000, 0x000000070db00000|  0%| F|  |TAMS 0x000000070da00000, 0x000000070da00000| Untracked 
| 183|0x000000070db00000, 0x000000070db00000, 0x000000070dc00000|  0%| F|  |TAMS 0x000000070db00000, 0x000000070db00000| Untracked 
| 184|0x000000070dc00000, 0x000000070dc00000, 0x000000070dd00000|  0%| F|  |TAMS 0x000000070dc00000, 0x000000070dc00000| Untracked 
| 185|0x000000070dd00000, 0x000000070dd00000, 0x000000070de00000|  0%| F|  |TAMS 0x000000070dd00000, 0x000000070dd00000| Untracked 
| 186|0x000000070de00000, 0x000000070de00000, 0x000000070df00000|  0%| F|  |TAMS 0x000000070de00000, 0x000000070de00000| Untracked 
| 187|0x000000070df00000, 0x000000070df00000, 0x000000070e000000|  0%| F|  |TAMS 0x000000070df00000, 0x000000070df00000| Untracked 
| 188|0x000000070e000000, 0x000000070e000000, 0x000000070e100000|  0%| F|  |TAMS 0x000000070e000000, 0x000000070e000000| Untracked 
| 189|0x000000070e100000, 0x000000070e100000, 0x000000070e200000|  0%| F|  |TAMS 0x000000070e100000, 0x000000070e100000| Untracked 
| 190|0x000000070e200000, 0x000000070e200000, 0x000000070e300000|  0%| F|  |TAMS 0x000000070e200000, 0x000000070e200000| Untracked 
| 191|0x000000070e300000, 0x000000070e300000, 0x000000070e400000|  0%| F|  |TAMS 0x000000070e300000, 0x000000070e300000| Untracked 
| 192|0x000000070e400000, 0x000000070e400000, 0x000000070e500000|  0%| F|  |TAMS 0x000000070e400000, 0x000000070e400000| Untracked 
| 193|0x000000070e500000, 0x000000070e500000, 0x000000070e600000|  0%| F|  |TAMS 0x000000070e500000, 0x000000070e500000| Untracked 
| 194|0x000000070e600000, 0x000000070e600000, 0x000000070e700000|  0%| F|  |TAMS 0x000000070e600000, 0x000000070e600000| Untracked 
| 195|0x000000070e700000, 0x000000070e700000, 0x000000070e800000|  0%| F|  |TAMS 0x000000070e700000, 0x000000070e700000| Untracked 
| 196|0x000000070e800000, 0x000000070e800000, 0x000000070e900000|  0%| F|  |TAMS 0x000000070e800000, 0x000000070e800000| Untracked 
| 197|0x000000070e900000, 0x000000070e900000, 0x000000070ea00000|  0%| F|  |TAMS 0x000000070e900000, 0x000000070e900000| Untracked 
| 198|0x000000070ea00000, 0x000000070ea00000, 0x000000070eb00000|  0%| F|  |TAMS 0x000000070ea00000, 0x000000070ea00000| Untracked 
| 199|0x000000070eb00000, 0x000000070eb00000, 0x000000070ec00000|  0%| F|  |TAMS 0x000000070eb00000, 0x000000070eb00000| Untracked 
| 200|0x000000070ec00000, 0x000000070ec00000, 0x000000070ed00000|  0%| F|  |TAMS 0x000000070ec00000, 0x000000070ec00000| Untracked 
| 201|0x000000070ed00000, 0x000000070ed00000, 0x000000070ee00000|  0%| F|  |TAMS 0x000000070ed00000, 0x000000070ed00000| Untracked 
| 202|0x000000070ee00000, 0x000000070ee00000, 0x000000070ef00000|  0%| F|  |TAMS 0x000000070ee00000, 0x000000070ee00000| Untracked 
| 203|0x000000070ef00000, 0x000000070ef00000, 0x000000070f000000|  0%| F|  |TAMS 0x000000070ef00000, 0x000000070ef00000| Untracked 
| 204|0x000000070f000000, 0x000000070f000000, 0x000000070f100000|  0%| F|  |TAMS 0x000000070f000000, 0x000000070f000000| Untracked 
| 205|0x000000070f100000, 0x000000070f100000, 0x000000070f200000|  0%| F|  |TAMS 0x000000070f100000, 0x000000070f100000| Untracked 
| 206|0x000000070f200000, 0x000000070f200000, 0x000000070f300000|  0%| F|  |TAMS 0x000000070f200000, 0x000000070f200000| Untracked 
| 207|0x000000070f300000, 0x000000070f300000, 0x000000070f400000|  0%| F|  |TAMS 0x000000070f300000, 0x000000070f300000| Untracked 
| 208|0x000000070f400000, 0x000000070f400000, 0x000000070f500000|  0%| F|  |TAMS 0x000000070f400000, 0x000000070f400000| Untracked 
| 209|0x000000070f500000, 0x000000070f500000, 0x000000070f600000|  0%| F|  |TAMS 0x000000070f500000, 0x000000070f500000| Untracked 
| 210|0x000000070f600000, 0x000000070f600000, 0x000000070f700000|  0%| F|  |TAMS 0x000000070f600000, 0x000000070f600000| Untracked 
| 211|0x000000070f700000, 0x000000070f700000, 0x000000070f800000|  0%| F|  |TAMS 0x000000070f700000, 0x000000070f700000| Untracked 
| 212|0x000000070f800000, 0x000000070f800000, 0x000000070f900000|  0%| F|  |TAMS 0x000000070f800000, 0x000000070f800000| Untracked 
| 213|0x000000070f900000, 0x000000070f900000, 0x000000070fa00000|  0%| F|  |TAMS 0x000000070f900000, 0x000000070f900000| Untracked 
| 214|0x000000070fa00000, 0x000000070fa00000, 0x000000070fb00000|  0%| F|  |TAMS 0x000000070fa00000, 0x000000070fa00000| Untracked 
| 215|0x000000070fb00000, 0x000000070fb00000, 0x000000070fc00000|  0%| F|  |TAMS 0x000000070fb00000, 0x000000070fb00000| Untracked 
| 216|0x000000070fc00000, 0x000000070fc00000, 0x000000070fd00000|  0%| F|  |TAMS 0x000000070fc00000, 0x000000070fc00000| Untracked 
| 217|0x000000070fd00000, 0x000000070fd00000, 0x000000070fe00000|  0%| F|  |TAMS 0x000000070fd00000, 0x000000070fd00000| Untracked 
| 218|0x000000070fe00000, 0x000000070fe00000, 0x000000070ff00000|  0%| F|  |TAMS 0x000000070fe00000, 0x000000070fe00000| Untracked 
| 219|0x000000070ff00000, 0x000000070ff00000, 0x0000000710000000|  0%| F|  |TAMS 0x000000070ff00000, 0x000000070ff00000| Untracked 
| 220|0x0000000710000000, 0x0000000710000000, 0x0000000710100000|  0%| F|  |TAMS 0x0000000710000000, 0x0000000710000000| Untracked 
| 221|0x0000000710100000, 0x0000000710100000, 0x0000000710200000|  0%| F|  |TAMS 0x0000000710100000, 0x0000000710100000| Untracked 
| 222|0x0000000710200000, 0x0000000710200000, 0x0000000710300000|  0%| F|  |TAMS 0x0000000710200000, 0x0000000710200000| Untracked 
| 223|0x0000000710300000, 0x0000000710300000, 0x0000000710400000|  0%| F|  |TAMS 0x0000000710300000, 0x0000000710300000| Untracked 
| 224|0x0000000710400000, 0x0000000710400000, 0x0000000710500000|  0%| F|  |TAMS 0x0000000710400000, 0x0000000710400000| Untracked 
| 225|0x0000000710500000, 0x0000000710500000, 0x0000000710600000|  0%| F|  |TAMS 0x0000000710500000, 0x0000000710500000| Untracked 
| 226|0x0000000710600000, 0x0000000710600000, 0x0000000710700000|  0%| F|  |TAMS 0x0000000710600000, 0x0000000710600000| Untracked 
| 227|0x0000000710700000, 0x0000000710700000, 0x0000000710800000|  0%| F|  |TAMS 0x0000000710700000, 0x0000000710700000| Untracked 
| 228|0x0000000710800000, 0x0000000710800000, 0x0000000710900000|  0%| F|  |TAMS 0x0000000710800000, 0x0000000710800000| Untracked 
| 229|0x0000000710900000, 0x0000000710900000, 0x0000000710a00000|  0%| F|  |TAMS 0x0000000710900000, 0x0000000710900000| Untracked 
| 230|0x0000000710a00000, 0x0000000710a00000, 0x0000000710b00000|  0%| F|  |TAMS 0x0000000710a00000, 0x0000000710a00000| Untracked 
| 231|0x0000000710b00000, 0x0000000710b00000, 0x0000000710c00000|  0%| F|  |TAMS 0x0000000710b00000, 0x0000000710b00000| Untracked 
| 232|0x0000000710c00000, 0x0000000710c00000, 0x0000000710d00000|  0%| F|  |TAMS 0x0000000710c00000, 0x0000000710c00000| Untracked 
| 233|0x0000000710d00000, 0x0000000710d00000, 0x0000000710e00000|  0%| F|  |TAMS 0x0000000710d00000, 0x0000000710d00000| Untracked 
| 234|0x0000000710e00000, 0x0000000710e00000, 0x0000000710f00000|  0%| F|  |TAMS 0x0000000710e00000, 0x0000000710e00000| Untracked 
| 235|0x0000000710f00000, 0x0000000710f00000, 0x0000000711000000|  0%| F|  |TAMS 0x0000000710f00000, 0x0000000710f00000| Untracked 
| 236|0x0000000711000000, 0x000000071104a5e0, 0x0000000711100000| 29%| S|CS|TAMS 0x0000000711000000, 0x0000000711000000| Complete 
| 237|0x0000000711100000, 0x0000000711200000, 0x0000000711200000|100%| S|CS|TAMS 0x0000000711100000, 0x0000000711100000| Complete 
| 238|0x0000000711200000, 0x0000000711300000, 0x0000000711300000|100%| S|CS|TAMS 0x0000000711200000, 0x0000000711200000| Complete 
| 239|0x0000000711300000, 0x0000000711300000, 0x0000000711400000|  0%| F|  |TAMS 0x0000000711300000, 0x0000000711300000| Untracked 
| 240|0x0000000711400000, 0x0000000711400000, 0x0000000711500000|  0%| F|  |TAMS 0x0000000711400000, 0x0000000711400000| Untracked 
| 241|0x0000000711500000, 0x0000000711500000, 0x0000000711600000|  0%| F|  |TAMS 0x0000000711500000, 0x0000000711500000| Untracked 
| 242|0x0000000711600000, 0x0000000711600800, 0x0000000711700000|  0%| E|  |TAMS 0x0000000711600000, 0x0000000711600000| Complete 
| 243|0x0000000711700000, 0x0000000711800000, 0x0000000711800000|100%| E|CS|TAMS 0x0000000711700000, 0x0000000711700000| Complete 
| 244|0x0000000711800000, 0x0000000711900000, 0x0000000711900000|100%| E|CS|TAMS 0x0000000711800000, 0x0000000711800000| Complete 
| 245|0x0000000711900000, 0x0000000711a00000, 0x0000000711a00000|100%| E|CS|TAMS 0x0000000711900000, 0x0000000711900000| Complete 
| 246|0x0000000711a00000, 0x0000000711b00000, 0x0000000711b00000|100%| E|CS|TAMS 0x0000000711a00000, 0x0000000711a00000| Complete 
| 247|0x0000000711b00000, 0x0000000711c00000, 0x0000000711c00000|100%| E|CS|TAMS 0x0000000711b00000, 0x0000000711b00000| Complete 
| 248|0x0000000711c00000, 0x0000000711d00000, 0x0000000711d00000|100%| E|CS|TAMS 0x0000000711c00000, 0x0000000711c00000| Complete 
| 249|0x0000000711d00000, 0x0000000711e00000, 0x0000000711e00000|100%| E|CS|TAMS 0x0000000711d00000, 0x0000000711d00000| Complete 
| 250|0x0000000711e00000, 0x0000000711f00000, 0x0000000711f00000|100%| E|CS|TAMS 0x0000000711e00000, 0x0000000711e00000| Complete 
| 251|0x0000000711f00000, 0x0000000712000000, 0x0000000712000000|100%| E|CS|TAMS 0x0000000711f00000, 0x0000000711f00000| Complete 
| 252|0x0000000712000000, 0x0000000712100000, 0x0000000712100000|100%| E|CS|TAMS 0x0000000712000000, 0x0000000712000000| Complete 
| 253|0x0000000712100000, 0x0000000712200000, 0x0000000712200000|100%| E|CS|TAMS 0x0000000712100000, 0x0000000712100000| Complete 

Card table byte_map: [0x0000019aaf2a0000,0x0000019aafa90000] _byte_map_base: 0x0000019aaba8e000

Marking Bits (Prev, Next): (CMBitMap*) 0x0000019a974c8d10, (CMBitMap*) 0x0000019a974c8cd8
 Prev Bits: [0x0000019ab41f0000, 0x0000019ab8160000)
 Next Bits: [0x0000019ab0280000, 0x0000019ab41f0000)

Polling page: 0x0000019a95390000

Metaspace:

Usage:
  Non-class:     20.76 MB capacity,    20.46 MB ( 99%) used,   247.81 KB (  1%) free+waste,    52.88 KB ( <1%) overhead. 
      Class:      2.85 MB capacity,     2.64 MB ( 93%) used,   181.94 KB (  6%) free+waste,    25.63 KB ( <1%) overhead. 
       Both:     23.60 MB capacity,    23.11 MB ( 98%) used,   429.75 KB (  2%) free+waste,    78.50 KB ( <1%) overhead. 

Virtual space:
  Non-class space:       22.00 MB reserved,      21.00 MB ( 95%) committed 
      Class space:        1.00 GB reserved,       2.88 MB ( <1%) committed 
             Both:        1.02 GB reserved,      23.88 MB (  2%) committed 

Chunk freelists:
   Non-Class:  7.13 KB
       Class:  128 bytes
        Both:  7.25 KB

CodeHeap 'non-profiled nmethods': size=120000Kb used=658Kb max_used=658Kb free=119341Kb
 bounds [0x0000019aa7250000, 0x0000019aa74c0000, 0x0000019aae780000]
CodeHeap 'profiled nmethods': size=120000Kb used=3323Kb max_used=3323Kb free=116676Kb
 bounds [0x0000019a9fd20000, 0x0000019aa0060000, 0x0000019aa7250000]
CodeHeap 'non-nmethods': size=5760Kb used=1161Kb max_used=1193Kb free=4598Kb
 bounds [0x0000019a9f780000, 0x0000019a9f9f0000, 0x0000019a9fd20000]
 total_blobs=2644 nmethods=1777 adapters=399
 compilation: enabled
              stopped_count=0, restarted_count=0
 full_count=0

Compilation events (10 events):
Event: 2.430 Thread 0x0000019abacfc800 1771       3       java.util.Collections$EmptyMap::values (4 bytes)
Event: 2.430 Thread 0x0000019abacfc800 nmethod 1771 0x0000019aa005c290 code [0x0000019aa005c440, 0x0000019aa005c5f8]
Event: 2.430 Thread 0x0000019abacfc800 1772       3       java.util.Collections$EmptySet::toArray (11 bytes)
Event: 2.430 Thread 0x0000019abacfc800 nmethod 1772 0x0000019aa005c690 code [0x0000019aa005c860, 0x0000019aa005cbb8]
Event: 2.433 Thread 0x0000019abacfc800 1773       3       java.lang.Class::getAnnotation (22 bytes)
Event: 2.434 Thread 0x0000019abacfc800 nmethod 1773 0x0000019aa005cc90 code [0x0000019aa005ce80, 0x0000019aa005d370]
Event: 2.448 Thread 0x0000019abd32f800 nmethod 1769% 0x0000019aa72f2b90 code [0x0000019aa72f2d60, 0x0000019aa72f41c8]
Event: 2.596 Thread 0x0000019abacfc800 1774       3       jdk.internal.util.ArraysSupport::mismatch (72 bytes)
Event: 2.597 Thread 0x0000019abacfc800 nmethod 1774 0x0000019aa005d510 code [0x0000019aa005d700, 0x0000019aa005db18]
Event: 2.632 Thread 0x0000019abacfc800 1777       3       java.io.ObjectInputStream$BlockDataInputStream::readInt (73 bytes)

GC Heap History (4 events):
Event: 2.055 GC heap before
{Heap before GC invocations=0 (full 0):
 garbage-first heap   total 260096K, used 25600K [0x0000000702400000, 0x0000000800000000)
  region size 1024K, 24 young (24576K), 0 survivors (0K)
 Metaspace       used 17555K, capacity 17847K, committed 18048K, reserved 1064960K
  class space    used 1956K, capacity 2077K, committed 2176K, reserved 1048576K
}
Event: 2.059 GC heap after
{Heap after GC invocations=1 (full 0):
 garbage-first heap   total 260096K, used 7130K [0x0000000702400000, 0x0000000800000000)
  region size 1024K, 3 young (3072K), 3 survivors (3072K)
 Metaspace       used 17555K, capacity 17847K, committed 18048K, reserved 1064960K
  class space    used 1956K, capacity 2077K, committed 2176K, reserved 1048576K
}
Event: 2.242 GC heap before
{Heap before GC invocations=1 (full 0):
 garbage-first heap   total 260096K, used 21466K [0x0000000702400000, 0x0000000800000000)
  region size 1024K, 18 young (18432K), 3 survivors (3072K)
 Metaspace       used 20788K, capacity 21175K, committed 21248K, reserved 1069056K
  class space    used 2375K, capacity 2530K, committed 2560K, reserved 1048576K
}
Event: 2.245 GC heap after
{Heap after GC invocations=2 (full 0):
 garbage-first heap   total 260096K, used 9680K [0x0000000702400000, 0x0000000800000000)
  region size 1024K, 3 young (3072K), 3 survivors (3072K)
 Metaspace       used 20788K, capacity 21175K, committed 21248K, reserved 1069056K
  class space    used 2375K, capacity 2530K, committed 2560K, reserved 1048576K
}

Deoptimization events (7 events):
Event: 0.109 Thread 0x0000019a97460800 Uncommon trap: reason=unstable_if action=reinterpret pc=0x0000019aa72562f4 method=java.lang.String.hashCode()I @ 14 c2
Event: 0.201 Thread 0x0000019a97460800 Uncommon trap: reason=unstable_if action=reinterpret pc=0x0000019aa7260980 method=java.io.WinNTFileSystem.isSlash(C)Z @ 9 c2
Event: 1.762 Thread 0x0000019a97460800 Uncommon trap: reason=unstable_if action=reinterpret pc=0x0000019aa7251b14 method=java.lang.String.isLatin1()Z @ 10 c2
Event: 1.781 Thread 0x0000019a97460800 Uncommon trap: reason=class_check action=maybe_recompile pc=0x0000019aa72832cc method=java.util.HashMap.putVal(ILjava/lang/Object;Ljava/lang/Object;ZZ)Ljava/lang/Object; @ 91 c2
Event: 1.781 Thread 0x0000019a97460800 Uncommon trap: reason=class_check action=maybe_recompile pc=0x0000019aa72832cc method=java.util.HashMap.putVal(ILjava/lang/Object;Ljava/lang/Object;ZZ)Ljava/lang/Object; @ 91 c2
Event: 1.781 Thread 0x0000019a97460800 Uncommon trap: reason=class_check action=maybe_recompile pc=0x0000019aa72832cc method=java.util.HashMap.putVal(ILjava/lang/Object;Ljava/lang/Object;ZZ)Ljava/lang/Object; @ 91 c2
Event: 1.781 Thread 0x0000019a97460800 Uncommon trap: reason=class_check action=maybe_recompile pc=0x0000019aa72832cc method=java.util.HashMap.putVal(ILjava/lang/Object;Ljava/lang/Object;ZZ)Ljava/lang/Object; @ 91 c2

Classes redefined (0 events):
No events

Internal exceptions (10 events):
Event: 2.221 Thread 0x0000019a97460800 Exception <a 'java/lang/NoSuchMethodError'{0x00000007115c0ea8}: java.lang.invoke.DirectMethodHandle$Holder.invokeStatic(Ljava/lang/Object;Ljava/lang/Object;Ljava/lang/Object;Ljava/lang/Object;)V> (0x00000007115c0ea8) thrown at [t:/workspace/open/src/hotsp
Event: 2.292 Thread 0x0000019a97460800 Exception <a 'java/lang/NoSuchMethodError'{0x0000000711e387f8}: java.lang.invoke.Invokers$Holder.linkToTargetMethod(Ljava/lang/Object;ILjava/lang/Object;)Ljava/lang/Object;> (0x0000000711e387f8) thrown at [t:/workspace/open/src/hotspot/share/interpreter/l
Event: 2.308 Thread 0x0000019a97460800 Exception <a 'java/lang/NoSuchMethodError'{0x0000000711d67c90}: java.lang.invoke.DirectMethodHandle$Holder.invokeStatic(Ljava/lang/Object;Ljava/lang/Object;Ljava/lang/Object;Ljava/lang/Object;Ljava/lang/Object;Ljava/lang/Object;Ljava/lang/Object;Ljava/lan
Event: 2.308 Thread 0x0000019a97460800 Exception <a 'java/lang/NoSuchMethodError'{0x0000000711d759f0}: java.lang.invoke.DirectMethodHandle$Holder.invokeStatic(Ljava/lang/Object;Ljava/lang/Object;Ljava/lang/Object;Ljava/lang/Object;Ljava/lang/Object;Ljava/lang/Object;Ljava/lang/Object;Ljava/lan
Event: 2.309 Thread 0x0000019a97460800 Exception <a 'java/lang/NoSuchMethodError'{0x0000000711d838a8}: java.lang.invoke.DirectMethodHandle$Holder.invokeSpecial(Ljava/lang/Object;Ljava/lang/Object;IILjava/lang/Object;Ljava/lang/Object;Ljava/lang/Object;)Ljava/lang/Object;> (0x0000000711d838a8) 
Event: 2.309 Thread 0x0000019a97460800 Exception <a 'java/lang/NoSuchMethodError'{0x0000000711d86e30}: java.lang.invoke.DelegatingMethodHandle$Holder.reinvoke_L(Ljava/lang/Object;IILjava/lang/Object;Ljava/lang/Object;Ljava/lang/Object;)Ljava/lang/Object;> (0x0000000711d86e30) thrown at [t:/wor
Event: 2.309 Thread 0x0000019a97460800 Exception <a 'java/lang/NoSuchMethodError'{0x0000000711d8b0b8}: java.lang.invoke.DirectMethodHandle$Holder.invokeStatic(Ljava/lang/Object;Ljava/lang/Object;Ljava/lang/Object;Ljava/lang/Object;I)Ljava/lang/Object;> (0x0000000711d8b0b8) thrown at [t:/worksp
Event: 2.337 Thread 0x0000019a97460800 Exception <a 'java/lang/NoSuchMethodError'{0x0000000711b13f28}: java.lang.invoke.DirectMethodHandle$Holder.invokeStatic(Ljava/lang/Object;Ljava/lang/Object;ILjava/lang/Object;)Ljava/lang/Object;> (0x0000000711b13f28) thrown at [t:/workspace/open/src/hotsp
Event: 2.338 Thread 0x0000019a97460800 Exception <a 'java/lang/NoSuchMethodError'{0x0000000711b176f8}: java.lang.invoke.DirectMethodHandle$Holder.invokeSpecial(Ljava/lang/Object;Ljava/lang/Object;Ljava/lang/Object;ILjava/lang/Object;)Ljava/lang/Object;> (0x0000000711b176f8) thrown at [t:/works
Event: 2.338 Thread 0x0000019a97460800 Exception <a 'java/lang/NoSuchMethodError'{0x0000000711b1a8e0}: java.lang.invoke.Invokers$Holder.linkToTargetMethod(Ljava/lang/Object;ILjava/lang/Object;Ljava/lang/Object;)Ljava/lang/Object;> (0x0000000711b1a8e0) thrown at [t:/workspace/open/src/hotspot/s

Events (10 events):
Event: 2.617 Executing VM operation: GetAllStackTraces
Event: 2.618 Executing VM operation: GetAllStackTraces done
Event: 2.620 loading class org/netbeans/lib/profiler/wireprotocol/EventBufferDumpedCommand
Event: 2.620 loading class org/netbeans/lib/profiler/wireprotocol/EventBufferDumpedCommand done
Event: 2.628 Executing VM operation: GetAllStackTraces
Event: 2.628 Executing VM operation: GetAllStackTraces done
Event: 2.630 loading class org/netbeans/lib/profiler/wireprotocol/DumpResultsResponse
Event: 2.630 loading class org/netbeans/lib/profiler/wireprotocol/DumpResultsResponse done
Event: 2.631 loading class org/netbeans/lib/profiler/wireprotocol/GetMethodNamesForJMethodIdsCommand
Event: 2.632 loading class org/netbeans/lib/profiler/wireprotocol/GetMethodNamesForJMethodIdsCommand done


Dynamic libraries:
0x00007ff6f7950000 - 0x00007ff6f7997000 	C:\Program Files\Java\jdk-11.0.1\bin\java.exe
0x00007ff93c620000 - 0x00007ff93c810000 	C:\WINDOWS\SYSTEM32\ntdll.dll
0x00007ff93b2e0000 - 0x00007ff93b392000 	C:\WINDOWS\System32\KERNEL32.DLL
0x00007ff939f70000 - 0x00007ff93a213000 	C:\WINDOWS\System32\KERNELBASE.dll
0x00007ff93bb40000 - 0x00007ff93bbe3000 	C:\WINDOWS\System32\ADVAPI32.dll
0x00007ff93b010000 - 0x00007ff93b0ae000 	C:\WINDOWS\System32\msvcrt.dll
0x00007ff93c020000 - 0x00007ff93c0b7000 	C:\WINDOWS\System32\sechost.dll
0x00007ff93bf00000 - 0x00007ff93c020000 	C:\WINDOWS\System32\RPCRT4.dll
0x00007ff93c320000 - 0x00007ff93c4b3000 	C:\WINDOWS\System32\USER32.dll
0x00007ff9395b0000 - 0x00007ff9395d1000 	C:\WINDOWS\System32\win32u.dll
0x00007ff93c5b0000 - 0x00007ff93c5d6000 	C:\WINDOWS\System32\GDI32.dll
0x00007ff93a220000 - 0x00007ff93a3b4000 	C:\WINDOWS\System32\gdi32full.dll
0x00007ff939dd0000 - 0x00007ff939e6e000 	C:\WINDOWS\System32\msvcp_win.dll
0x00007ff939e70000 - 0x00007ff939f6a000 	C:\WINDOWS\System32\ucrtbase.dll
0x00007ff92afb0000 - 0x00007ff92b235000 	C:\WINDOWS\WinSxS\amd64_microsoft.windows.common-controls_6595b64144ccf1df_6.0.18362.387_none_e6c5af5b130e4216\COMCTL32.dll
0x00007ff92efd0000 - 0x00007ff92efda000 	C:\WINDOWS\SYSTEM32\VERSION.dll
0x00007ff93a7a0000 - 0x00007ff93aad6000 	C:\WINDOWS\System32\combase.dll
0x00007ff93a3c0000 - 0x00007ff93a440000 	C:\WINDOWS\System32\bcryptPrimitives.dll
0x00007ff93aae0000 - 0x00007ff93ab0e000 	C:\WINDOWS\System32\IMM32.DLL
0x00007ff92fd60000 - 0x00007ff92fd76000 	C:\Program Files\Java\jdk-11.0.1\bin\vcruntime140.dll
0x00007ff903c70000 - 0x00007ff903d1a000 	C:\Program Files\Java\jdk-11.0.1\bin\msvcp140.dll
0x00007ff8c8990000 - 0x00007ff8c94d2000 	C:\Program Files\Java\jdk-11.0.1\bin\server\jvm.dll
0x00007ff93c5a0000 - 0x00007ff93c5a8000 	C:\WINDOWS\System32\PSAPI.DLL
0x00007ff929940000 - 0x00007ff929964000 	C:\WINDOWS\SYSTEM32\WINMM.dll
0x00007ff91c040000 - 0x00007ff91c049000 	C:\WINDOWS\SYSTEM32\WSOCK32.dll
0x00007ff93b0c0000 - 0x00007ff93b12f000 	C:\WINDOWS\System32\WS2_32.dll
0x00007ff929910000 - 0x00007ff92993d000 	C:\WINDOWS\SYSTEM32\winmmbase.dll
0x00007ff939d60000 - 0x00007ff939daa000 	C:\WINDOWS\System32\cfgmgr32.dll
0x00007ff939550000 - 0x00007ff939561000 	C:\WINDOWS\System32\kernel.appcore.dll
0x00007ff92f760000 - 0x00007ff92f771000 	C:\Program Files\Java\jdk-11.0.1\bin\verify.dll
0x00007ff937a20000 - 0x00007ff937c14000 	C:\WINDOWS\SYSTEM32\DBGHELP.DLL
0x00007ff92e040000 - 0x00007ff92e06a000 	C:\WINDOWS\SYSTEM32\dbgcore.DLL
0x00007ff929990000 - 0x00007ff9299b9000 	C:\Program Files\Java\jdk-11.0.1\bin\java.dll
0x00007ff92fc60000 - 0x00007ff92fc6f000 	C:\Program Files\netbeans\profiler\lib\deployed\jdk16\windows-amd64\profilerinterface.dll
0x00007ff92ba80000 - 0x00007ff92ba96000 	C:\Program Files\Java\jdk-11.0.1\bin\zip.dll
0x00007ff930660000 - 0x00007ff93066a000 	C:\Program Files\Java\jdk-11.0.1\bin\jimage.dll
0x00007ff93b3a0000 - 0x00007ff93ba85000 	C:\WINDOWS\System32\SHELL32.dll
0x00007ff93ba90000 - 0x00007ff93bb39000 	C:\WINDOWS\System32\shcore.dll
0x00007ff9395e0000 - 0x00007ff939d5f000 	C:\WINDOWS\System32\windows.storage.dll
0x00007ff939570000 - 0x00007ff93958f000 	C:\WINDOWS\System32\profapi.dll
0x00007ff939500000 - 0x00007ff93954a000 	C:\WINDOWS\System32\powrprof.dll
0x00007ff9394f0000 - 0x00007ff939500000 	C:\WINDOWS\System32\UMPDC.dll
0x00007ff93c540000 - 0x00007ff93c592000 	C:\WINDOWS\System32\shlwapi.dll
0x00007ff939db0000 - 0x00007ff939dc7000 	C:\WINDOWS\System32\cryptsp.dll
0x00007ff9296d0000 - 0x00007ff9296e9000 	C:\Program Files\Java\jdk-11.0.1\bin\net.dll
0x00007ff9314b0000 - 0x00007ff9315a0000 	C:\WINDOWS\SYSTEM32\WINHTTP.dll
0x00007ff938d10000 - 0x00007ff938d77000 	C:\WINDOWS\system32\mswsock.dll
0x00007ff928510000 - 0x00007ff928523000 	C:\Program Files\Java\jdk-11.0.1\bin\nio.dll
0x00007ff9284c0000 - 0x00007ff9284c9000 	C:\Program Files\Java\jdk-11.0.1\bin\management.dll
0x00007ff9284b0000 - 0x00007ff9284bc000 	C:\Program Files\Java\jdk-11.0.1\bin\management_ext.dll
0x00007ff938830000 - 0x00007ff938863000 	C:\WINDOWS\system32\rsaenh.dll
0x00007ff93a5f0000 - 0x00007ff93a616000 	C:\WINDOWS\System32\bcrypt.dll
0x00007ff9393e0000 - 0x00007ff939405000 	C:\WINDOWS\SYSTEM32\USERENV.dll
0x00007ff938e90000 - 0x00007ff938e9c000 	C:\WINDOWS\SYSTEM32\CRYPTBASE.dll
0x00007ff938a30000 - 0x00007ff938a6a000 	C:\WINDOWS\SYSTEM32\IPHLPAPI.DLL
0x00007ff93c0c0000 - 0x00007ff93c0c8000 	C:\WINDOWS\System32\NSI.dll
0x00007ff930410000 - 0x00007ff930426000 	C:\WINDOWS\SYSTEM32\dhcpcsvc6.DLL
0x00007ff9302a0000 - 0x00007ff9302bc000 	C:\WINDOWS\SYSTEM32\dhcpcsvc.DLL
0x00007ff938a80000 - 0x00007ff938b4a000 	C:\WINDOWS\SYSTEM32\DNSAPI.dll

dbghelp: loaded successfully - version: 4.0.5 - missing functions: none
symbol engine: initialized successfully - sym options: 0x614 - pdb path: .;C:\Program Files\Java\jdk-11.0.1\bin;C:\WINDOWS\SYSTEM32;C:\WINDOWS\WinSxS\amd64_microsoft.windows.common-controls_6595b64144ccf1df_6.0.18362.387_none_e6c5af5b130e4216;C:\Program Files\Java\jdk-11.0.1\bin\server;C:\Program Files\netbeans\profiler\lib\deployed\jdk16\windows-amd64

VM Arguments:
jvm_args: -agentpath:C:/Program Files/netbeans/profiler/lib/deployed/jdk16/windows-amd64/profilerinterface.dll=C:\Program Files\netbeans\profiler\lib,5140,10 -XX:+HeapDumpOnOutOfMemoryError -XX:HeapDumpPath=C:\Users\me\AppData\Local\NetBeans\Cache\9.0\mavencachedirs\2114818465\org-netbeans-modules-profiler 
java_command: org.factsmission.tlds.TemplatingServer swissgeo-config-localhost.ttl
java_class_path (initial): C:\Users\me\Documents\linked-solutions\tlds\target\classes;C:\Users\me\.m2\repository\solutions\linked\slds\1.0.1-SNAPSHOT\slds-1.0.1-SNAPSHOT.jar;C:\Users\me\.m2\repository\org\apache\httpcomponents\httpclient\4.5.5\httpclient-4.5.5.jar;C:\Users\me\.m2\repository\commons-logging\commons-logging\1.2\commons-logging-1.2.jar;C:\Users\me\.m2\repository\commons-codec\commons-codec\1.10\commons-codec-1.10.jar;C:\Users\me\.m2\repository\org\slf4j\slf4j-simple\1.6.1\slf4j-simple-1.6.1.jar;C:\Users\me\.m2\repository\org\slf4j\slf4j-api\1.6.1\slf4j-api-1.6.1.jar;C:\Users\me\.m2\repository\org\apache\clerezza\jaxrs.rdf.providers\1.0.0\jaxrs.rdf.providers-1.0.0.jar;C:\Users\me\.m2\repository\org\apache\felix\org.apache.felix.scr.annotations\1.9.10\org.apache.felix.scr.annotations-1.9.10.jar;C:\Users\me\.m2\repository\org\wymiwyg\clerezza\rdf.jena.serializer\2.0.0\rdf.jena.serializer-2.0.0.jar;C:\Users\me\.m2\repository\org\wymiwyg\clerezza\rdf.jena.facade\2.0.0\rdf.jena.facade-2.0.0.jar;C:\Users\me\.m2\repository\org\wymiwyg\clerezza\rdf.jena.commons\2.0.0\rdf.jena.commons-2.0.0.jar;C:\Users\me\.m2\repository\org\wymiwyg\wymiwyg-commons-core\0.8\wymiwyg-commons-core-0.8.jar;C:\Users\me\.m2\repository\commons-logging\commons-logging-api\1.1\commons-logging-api-1.1.jar;C:\Users\me\.m2\repository\com\ibm\icu\icu4j\53.1\icu4j-53.1.jar;C:\Users\me\.m2\repository\org\apache\jena\jena-arq\3.4.0\jena-arq-3.4.0.jar;C:\Users\me\.m2\repository\org\apache\jena\jena-shaded-guava\3.4.0\jena-shaded-guava-3.4.0.jar;C:\Users\me\.m2\repository\com\github\jsonld-java\jsonld-java\0.10.0\jsonld-java-0.10.0.jar;C:\Users\me\.m2\repository\com\fasterxml\jackson\core\jackson-core\2.8.6\jackson-core-2.8.6.jar;C:\Users\me\.m2\repository\com\fasterxml\jackson\core\jackson-databind\2.8.6\jackson-databind-2.8.6.jar;C:\Users\me\.m2\repository\com\fasterxml\jackson\core\jackson-annotations\2.8.0\jackson-annotations-2.8.0.jar;C:\Users\me\.m2\repository\org\apache\httpcomponents\ht
Launcher Type: SUN_STANDARD

[Global flags]
     intx CICompilerCount                          = 4                                         {product} {ergonomic}
     uint ConcGCThreads                            = 2                                         {product} {ergonomic}
     uint G1ConcRefinementThreads                  = 8                                         {product} {ergonomic}
   size_t G1HeapRegionSize                         = 1048576                                   {product} {ergonomic}
    uintx GCDrainStackTargetSize                   = 64                                        {product} {ergonomic}
     bool HeapDumpOnOutOfMemoryError               = true                                   {manageable} {command line}
    ccstr HeapDumpPath                             = C:\Users\me\AppData\Local\NetBeans\Cache\9.0\mavencachedirs\2114818465\org-netbeans-modules-profiler         {manageable} {command line}
   size_t InitialHeapSize                          = 266338304                                 {product} {ergonomic}
   size_t MarkStackSize                            = 4194304                                   {product} {ergonomic}
   size_t MaxHeapSize                              = 4257218560                                {product} {ergonomic}
   size_t MaxNewSize                               = 2554331136                                {product} {ergonomic}
   size_t MinHeapDeltaBytes                        = 1048576                                   {product} {ergonomic}
    uintx NonNMethodCodeHeapSize                   = 5835340                                {pd product} {ergonomic}
    uintx NonProfiledCodeHeapSize                  = 122911450                              {pd product} {ergonomic}
    uintx ProfiledCodeHeapSize                     = 122911450                              {pd product} {ergonomic}
    uintx ReservedCodeCacheSize                    = 251658240                              {pd product} {ergonomic}
     bool SegmentedCodeCache                       = true                                      {product} {ergonomic}
     bool UseCompressedClassPointers               = true                                 {lp64_product} {ergonomic}
     bool UseCompressedOops                        = true                                 {lp64_product} {ergonomic}
     bool UseG1GC                                  = true                                      {product} {ergonomic}
     bool UseLargePagesIndividualAllocation        = false                                  {pd product} {ergonomic}

Logging:
Log output configuration:
 #0: stdout all=warning uptime,level,tags
 #1: stderr all=off uptime,level,tags

Environment Variables:
JAVA_HOME=C:\Program Files\Java\jdk-11.0.1
PATH=C:\ProgramData\DockerDesktop\version-bin;C:\Program Files\Docker\Docker\Resources\bin;C:\Program Files\Docker\Docker\resources\bin;C:\Program Files (x86)\Common Files\Oracle\Java\javapath;C:\Windows\System32;C:\Windows;C:\Windows\System32\wbem;C:\Windows\System32\WindowsPowerShell\v1.0\;C:\Windows\System32\OpenSSH\;C:\Program Files\Git\cmd;C:\Program Files\jdk-10.0.2\bin;C:\Program Files (x86)\GnuPG\bin;C:\Program Files (x86)\Intel\Intel(R) Management Engine Components\DAL;C:\Program Files\Intel\Intel(R) Management Engine Components\DAL;C:\WINDOWS\system32;C:\WINDOWS;C:\WINDOWS\System32\Wbem;C:\WINDOWS\System32\WindowsPowerShell\v1.0\;C:\WINDOWS\System32\OpenSSH\;C:\Program Files\Calibre2\;C:\Program Files\nodejs\;C:\Program Files\Intel\WiFi\bin\;C:\Program Files\Common Files\Intel\WirelessCommon\;C:\Program Files\TortoiseSVN\bin;C:\Users\me\.windows-build-tools\python27\;C:\Program Files (x86)\Common Files\Oracle\Java\javapath;C:\ProgramData\DockerDesktop\version-bin;C:\Program Files\Docker\Docker\Resources\bin;C:\Program Files (x86)\Intel\Intel(R) Management Engine Components\iCLS\;C:\Program Files\Intel\Intel(R) Management Engine Components\iCLS\;C:\Windows\system32;C:\Windows;C:\Windows\System32\Wbem;C:\Windows\System32\WindowsPowerShell\v1.0\;C:\Windows\System32\OpenSSH\;C:\Program Files\Intel\WiFi\bin\;C:\Program Files\Common Files\Intel\WirelessCommon\;C:\Program Files (x86)\Intel\Intel(R) Management Engine Components\DAL;C:\Program Files\Intel\Intel(R) Management Engine Components\DAL;C:\Program Files\Git\cmd;C:\Program Files\TortoiseSVN\bin;C:\Program Files\jdk-10.0.2\bin;C:\Users\me\AppData\Local\Microsoft\WindowsApps;C:\Users\me\AppData\Local\Programs\Microsoft VS Code\bin;C:\Program Files\Git\usr\bin;C:\Program Files\netbeans\java\maven\bin;%USERPROFILE%\AppData\Local\Microsoft\WindowsApps;C:\Users\me\AppData\Roaming\npm;C:\Users\me\AppData\Local\hyper\app-3.0.2\resources\bin
USERNAME=me
OS=Windows_NT
PROCESSOR_IDENTIFIER=Intel64 Family 6 Model 142 Stepping 10, GenuineIntel



---------------  S Y S T E M  ---------------

OS: Windows 10 , 64 bit Build 18362 (10.0.18362.329)

CPU:total 8 (initial active 8) (4 cores per cpu, 2 threads per core) family 6 model 142 stepping 10, cmov, cx8, fxsr, mmx, sse, sse2, sse3, ssse3, sse4.1, sse4.2, popcnt, avx, avx2, aes, clmul, erms, 3dnowpref, lzcnt, ht, tsc, tscinvbit, bmi1, bmi2, adx, fma

Memory: 4k page, system-wide physical 16234M (5532M free)
TotalPageFile size 30058M (AvailPageFile size 12418M)
current process WorkingSet (physical memory assigned to process): 122M, peak: 124M
current process commit charge ("private bytes"): 388M, peak: 390M

vm_info: Java HotSpot(TM) 64-Bit Server VM (11.0.1+13-LTS) for windows-amd64 JRE (11.0.1+13-LTS), built on Oct  6 2018 13:20:16 by "mach5one" with MS VC++ 15.5 (VS2017)

END.
